2018-11-13 14:11:47|   0.0|  0.0|INFORM|FME 2019.0.0.0 Beta (20181018 - Build 19135 - WIN64)
2018-11-13 14:11:47|   0.0|  0.0|INFORM|FME_HOME is 'C:\Program Files\FME 2019.0\'
2018-11-13 14:11:47|   0.1|  0.0|INFORM|FME Desktop Smallworld Edition (floating)
2018-11-13 14:11:47|   0.1|  0.0|INFORM|Permanent License.
2018-11-13 14:11:47|   0.1|  0.0|INFORM|Machine host name is: BLASTER
2018-11-13 14:11:47|   0.1|  0.0|INFORM|START - ProcessID: 76908, peak process memory usage: 30804 kB, current process memory usage: 30796 kB
2018-11-13 14:11:47|   0.1|  0.0|INFORM|FME Configuration: Command line arguments are `C:\Program Files\FME 2019.0\fme.exe' `C:/Users/swalker/Documents/GitHub/Web Data Module/fme-desktop-web-data/fme\wb-xlate-1542147106531_30076' `LOG_STANDARDOUT' `YES' `LogCountServerName' `{5bf41c26-8b9c-4245-943f-7eef2f9307fd}'
2018-11-13 14:11:47|   0.1|  0.0|INFORM|FME Configuration: Connection Storage: 'C:\Users\swalker\AppData\Roaming\Safe Software\FME\'
2018-11-13 14:11:47|   0.1|  0.1|INFORM|Shared folders for formats are : C:\Program Files\FME 2019.0\datasources;C:\Users\swalker\Documents\FME\Formats
2018-11-13 14:11:47|   0.1|  0.0|INFORM|Shared folders for transformers are : C:\Program Files\FME 2019.0\transformers;C:\Users\swalker\Documents\FME\Transformers;C:\Users\swalker\AppData\Roaming\Safe Software\FME\FME Store\Transformers
2018-11-13 14:11:47|   0.1|  0.0|INFORM|Shared folders for coordinate systems are : C:\Users\swalker\Documents\FME\CoordinateSystems
2018-11-13 14:11:47|   0.1|  0.0|INFORM|Shared folders for coordinate system exceptions are : C:\Users\swalker\Documents\FME\CoordinateSystemExceptions
2018-11-13 14:11:47|   0.1|  0.0|INFORM|Shared folders for coordinate system grid overrides are : C:\Users\swalker\Documents\FME\CoordinateSystemGridOverrides
2018-11-13 14:11:47|   0.1|  0.0|INFORM|Shared folders for CS-MAP transformation exceptions are : C:\Users\swalker\Documents\FME\CsmapTransformationExceptions
2018-11-13 14:11:47|   0.1|  0.0|INFORM|Shared folders for transformer categories are : C:\Users\swalker\Documents\FME\TransformerCategories
2018-11-13 14:11:47|   0.1|  0.0|INFORM|FME Configuration: Reader Keyword is `MULTI_READER'
2018-11-13 14:11:47|   0.1|  0.0|INFORM|FME Configuration: Writer Keyword is `NULL_DEST'
2018-11-13 14:11:47|   0.1|  0.0|INFORM|FME Configuration: Writer Group Definition Keyword is `NULL_DEST_DEF'
2018-11-13 14:11:47|   0.2|  0.0|INFORM|FME Configuration: Reader type is `MULTI_READER'
2018-11-13 14:11:47|   0.2|  0.0|INFORM|FME Configuration: Writer type is `NULL'
2018-11-13 14:11:47|   0.2|  0.0|INFORM|FME Configuration: No destination coordinate system set
2018-11-13 14:11:47|   0.2|  0.0|INFORM|FME Configuration: Current working folder is `C:\Users\swalker\Documents\GitHub\Web Data Module\fme-desktop-web-data\fme'
2018-11-13 14:11:47|   0.2|  0.0|INFORM|FME Configuration: Temporary folder is `C:\Users\swalker\AppData\Local\Temp', set from environment variable `TEMP'
2018-11-13 14:11:47|   0.2|  0.0|INFORM|FME Configuration: FME_HOME is `C:\Program Files\FME 2019.0\'
2018-11-13 14:11:47|   0.2|  0.0|INFORM|FME Configuration: FME_BASE is 'no'
2018-11-13 14:11:47|   0.2|  0.0|INFORM|FME Configuration: FME_MF_DIR is 'C:\Users\swalker\Documents\GitHub\Web Data Module\fme-desktop-web-data\fme/'
2018-11-13 14:11:47|   0.2|  0.0|INFORM|FME Configuration: FME_MF_NAME is 'TweetWorkspaceRunner.fmw'
2018-11-13 14:11:47|   0.2|  0.0|INFORM|FME Configuration: FME_PRODUCT_NAME is 'FME(R) 2019.0.0.0'
2018-11-13 14:11:47|   0.2|  0.0|INFORM|System Status: 659.46 GB of disk space available in the FME temporary folder (C:\Users\swalker\AppData\Local\Temp)
2018-11-13 14:11:47|   0.2|  0.0|INFORM|System Status: 128.00 TB of virtual memory available
2018-11-13 14:11:47|   0.2|  0.0|INFORM|Operating System: Microsoft Windows 10 64-bit  (Build 17134)
2018-11-13 14:11:47|   0.2|  0.0|INFORM|FME Platform: WIN64
2018-11-13 14:11:47|   0.2|  0.0|INFORM|Locale: en_US
2018-11-13 14:11:47|   0.2|  0.0|INFORM|Code Page: 1252  (ANSI - Latin I)
2018-11-13 14:11:47|   0.2|  0.0|INFORM|FME Configuration: Process limit is 31.76 GB of physical memory
2018-11-13 14:11:47|   0.2|  0.0|INFORM|FME Configuration: Start freeing memory when process usage exceeds 95.27 GB of virtual memory
2018-11-13 14:11:47|   0.2|  0.0|INFORM|FME Configuration: Stop freeing memory when process usage is below 71.46 GB of virtual memory
2018-11-13 14:11:47|   0.2|  0.0|INFORM|Creating writer for format: NULL (Nothing)
2018-11-13 14:11:47|   0.2|  0.0|INFORM|Trying to find a DYNAMIC plugin for writer named `NULL'
2018-11-13 14:11:47|   0.2|  0.0|INFORM|Loaded module 'NULL' from file 'C:\Program Files\FME 2019.0\plugins/NULL.dll'
2018-11-13 14:11:47|   0.2|  0.0|INFORM|FME API version of module 'NULL' matches current internal version (3.8 20180604)
2018-11-13 14:11:47|   0.2|  0.0|INFORM|Creating reader for format: 
2018-11-13 14:11:47|   0.2|  0.0|INFORM|MULTI_READER(MULTI_READER): Will fail with first member reader failure
2018-11-13 14:11:47|   0.2|  0.0|INFORM|Using Multi Reader with keyword `MULTI_READER' to read multiple datasets
2018-11-13 14:11:47|   0.2|  0.0|INFORM|FME API version of module 'NULL' matches current internal version (3.8 20180604)
2018-11-13 14:11:47|   0.2|  0.0|INFORM|FME API version of module 'NULL' matches current internal version (3.8 20180604)
2018-11-13 14:11:47|   0.2|  0.0|INFORM|Loaded module 'Geometry_func' from file 'C:\Program Files\FME 2019.0\plugins/Geometry_func.dll'
2018-11-13 14:11:47|   0.2|  0.0|INFORM|FME API version of module 'Geometry_func' matches current internal version (3.8 20180604)
2018-11-13 14:11:47|   0.3|  0.0|INFORM|Loaded module 'LogCount_func' from file 'C:\Program Files\FME 2019.0\plugins/LogCount_func.dll'
2018-11-13 14:11:47|   0.3|  0.0|INFORM|FME API version of module 'LogCount_func' matches current internal version (3.8 20180604)
2018-11-13 14:11:47|   0.3|  0.0|INFORM|Emptying factory pipeline
2018-11-13 14:11:47|   0.3|  0.0|INFORM|WorkspaceRunner: Command to run - `{"C:/Users/swalker/Documents/GitHub/Web Data Module/fme-desktop-web-data/fme/TweetStreamer.fmw"}'
2018-11-13 14:11:48|   0.3|  0.1|INFORM|WorkspaceRunner: Running FME with command line - `{"C:/Program Files/FME 2019.0/fme"} COMMAND_FILE {"C:/Users/swalker/AppData/Local/Temp/wsr_cm_1542147107364_76908"} &'
2018-11-13 14:11:48|   0.3|  0.0|INFORM|WorkspaceRunner: Successfully initiated batch run of workspace `C:/Users/swalker/Documents/GitHub/Web Data Module/fme-desktop-web-data/fme/TweetStreamer.fmw'
2018-11-13 14:12:48|   0.6|  0.3|INFORM|WorkspaceScheduler_WorkspaceRunner_2: Command to run - `{"C:/Users/swalker/Documents/GitHub/Web Data Module/fme-desktop-web-data/fme/TweetFilter.fmw"} --DestDataset_GEOJSON {"C:\Users\swalker\Documents\GitHub\Web Data Module\fme-desktop-web-data\www\tweets.json"} --SourceDataset_CSV2 {"C:\Users\swalker\Documents\GitHub\Web Data Module\fme-desktop-web-data\www\tweets.csv"}'
2018-11-13 14:12:48|   0.6|  0.0|INFORM|WorkspaceScheduler_WorkspaceRunner_2: Running FME with command line - `{C:/Program Files/FME 2019.0/fme} COMMAND_FILE C:/Users/swalker/AppData/Local/Temp/wsr_cm_1542147168451_76908 2>@1'
2018-11-13 14:12:49|   0.6|  0.0|WARN  |WorkspaceScheduler_WorkspaceRunner_2: Failed to run workspace `C:/Users/swalker/Documents/GitHub/Web Data Module/fme-desktop-web-data/fme/TweetFilter.fmw' -- Trace was:

              FME 2019.0.0.0 Beta (20181018 - Build 19135 - WIN64)
                   FME Desktop Smallworld Edition (floating)
                               Permanent License.
                         Machine host name is: BLASTER
          Operating System: Microsoft Windows 10 64-bit  (Build 17134)
                 Copyright (c) 1994 - 2018, Safe Software Inc.
                               Safe Software Inc.

A fatal error has occurred. Check the logfile above for details

An error occurred during the batch file execution, 1 translation failed. The following error message was raised: 
#2 : A fatal error has occurred. Check the logfile above for details
Program Terminating

Translation FAILED.

2018-11-13 14:12:49|   0.6|  0.0|STATS |Creator_XML_Creator(CreationFactory): Created 1 features
2018-11-13 14:12:49|   0.6|  0.0|STATS |Creator_Cloner(TeeFactory): Cloned 1 input feature(s) into 1 output feature(s)
2018-11-13 14:12:49|   0.6|  0.0|STATS |Creator CREATED Splitter(TeeFactory): Cloned 1 input feature(s) into 2 output feature(s)
2018-11-13 14:12:49|   0.6|  0.0|STATS |Creator_CREATED_0_GJAgmIF9G6c= Feature Counter -1 10(TeeFactory): Cloned 1 input feature(s) into 1 output feature(s)
2018-11-13 14:12:49|   0.6|  0.0|STATS |Creator_CREATED_0_GJAgmIF9G6c= Brancher -1 10(BranchingFactory): Branched 1 input feature -- 1 feature routed to the target factory, and 0 features routed to the fallback factory.
2018-11-13 14:12:49|   0.6|  0.0|STATS |Creator_CREATED_1_Exx7idfjvCA= Feature Counter -1 12(TeeFactory): Cloned 1 input feature(s) into 1 output feature(s)
2018-11-13 14:12:49|   0.6|  0.0|STATS |Creator_CREATED_1_Exx7idfjvCA= Brancher -1 12(BranchingFactory): Branched 1 input feature -- 1 feature routed to the target factory, and 0 features routed to the fallback factory.
2018-11-13 14:12:49|   0.6|  0.0|STATS |_CREATOR_BRANCH_TARGET(TeeFactory): Cloned 2 input feature(s) into 2 output feature(s)
2018-11-13 14:12:49|   0.6|  0.0|STATS |Decelerator_DelayRejector(TestFactory): Tested 1 input feature(s) -- 1 feature(s) passed and 0 feature(s) failed
2018-11-13 14:12:49|   0.6|  0.0|STATS |Decelerator_MaximumRejector(TestFactory): Tested 1 input feature(s) -- 1 feature(s) passed and 0 feature(s) failed
2018-11-13 14:12:49|   0.6|  0.0|STATS |Decelerator_Decelerator(TeeFactory): Cloned 1 input feature(s) into 1 output feature(s)
2018-11-13 14:12:49|   0.6|  0.0|STATS |Decelerator_OUTPUT Feature Counter -1 16(TeeFactory): Cloned 1 input feature(s) into 1 output feature(s)
2018-11-13 14:12:49|   0.6|  0.0|STATS |WorkspaceScheduler WorkspaceRunner_2_Input Input Collector(TeeFactory): Cloned 1 input feature(s) into 1 output feature(s)
2018-11-13 14:12:49|   0.6|  0.0|STATS |WorkspaceScheduler_WorkspaceRunner_2_Input1542147106 Input Splitter(TeeFactory): Cloned 1 input feature(s) into 1 output feature(s)
2018-11-13 14:12:49|   0.6|  0.0|STATS |WorkspaceScheduler_WorkspaceRunner_2_Input Feature Counter 0 4(TeeFactory): Cloned 1 input feature(s) into 1 output feature(s)
2018-11-13 14:12:49|   0.6|  0.0|STATS |WorkspaceScheduler_WorkspaceRunner_2_ExecutorAndRouter(TestFactory): Tested 1 input feature(s) -- 0 feature(s) passed and 1 feature(s) failed
2018-11-13 14:12:49|   0.6|  0.0|STATS |WorkspaceScheduler_WorkspaceRunner_2_SummaryMaker(CreationFactory): Created 0 features
2018-11-13 14:12:49|   0.6|  0.0|STATS |WorkspaceScheduler_WorkspaceRunner_2_SUCCEEDED Feature Counter 0 6(TeeFactory): Cloned 0 input feature(s) into 0 output feature(s)
2018-11-13 14:12:49|   0.6|  0.0|STATS |Loop to WorkspaceScheduler_WorkspaceRunner_2_Input1542147106 Input Splitter(BranchingFactory): Branched 0 input features -- 0 features routed to the target factory, and 0 features routed to the fallback factory.
2018-11-13 14:12:49|   0.6|  0.0|STATS |WorkspaceRunner_ExecutorAndRouter(TestFactory): Tested 1 input feature(s) -- 1 feature(s) passed and 0 feature(s) failed
2018-11-13 14:12:49|   0.6|  0.0|STATS |WorkspaceRunner_SummaryMaker(CreationFactory): Created 0 features
2018-11-13 14:12:49|   0.6|  0.0|STATS |Destination Feature Type Routing Correlator(RoutingFactory): Tested 0 input feature(s), wrote 0 output feature(s): 0 matched merge filters, 0 were routed to output, 0 could not be routed.
2018-11-13 14:12:49|   0.6|  0.0|STATS |Final Output Nuker(TeeFactory): Cloned 0 input feature(s) into 0 output feature(s)
2018-11-13 14:12:49|   0.6|  0.0|STATS |=-=-=-=-=-=-=-=-=-=-=-=-=-=-=-=-=-=-=-=-=-=-=-=-=-=-=-=-=-=-=-=-=-=-=-=-=-=-=-
2018-11-13 14:12:49|   0.6|  0.0|STATS |                            Features Read Summary
2018-11-13 14:12:49|   0.6|  0.0|STATS |=-=-=-=-=-=-=-=-=-=-=-=-=-=-=-=-=-=-=-=-=-=-=-=-=-=-=-=-=-=-=-=-=-=-=-=-=-=-=-
2018-11-13 14:12:49|   0.6|  0.0|STATS |==============================================================================
2018-11-13 14:12:49|   0.6|  0.0|STATS |Total Features Read                                                          0
2018-11-13 14:12:49|   0.6|  0.0|STATS |=-=-=-=-=-=-=-=-=-=-=-=-=-=-=-=-=-=-=-=-=-=-=-=-=-=-=-=-=-=-=-=-=-=-=-=-=-=-=-
2018-11-13 14:12:49|   0.6|  0.0|STATS |=-=-=-=-=-=-=-=-=-=-=-=-=-=-=-=-=-=-=-=-=-=-=-=-=-=-=-=-=-=-=-=-=-=-=-=-=-=-=-
2018-11-13 14:12:49|   0.6|  0.0|STATS |                           Features Written Summary
2018-11-13 14:12:49|   0.6|  0.0|STATS |=-=-=-=-=-=-=-=-=-=-=-=-=-=-=-=-=-=-=-=-=-=-=-=-=-=-=-=-=-=-=-=-=-=-=-=-=-=-=-
2018-11-13 14:12:49|   0.6|  0.0|STATS |==============================================================================
2018-11-13 14:12:49|   0.6|  0.0|STATS |Total Features Written                                                       0
2018-11-13 14:12:49|   0.6|  0.0|STATS |=-=-=-=-=-=-=-=-=-=-=-=-=-=-=-=-=-=-=-=-=-=-=-=-=-=-=-=-=-=-=-=-=-=-=-=-=-=-=-
2018-11-13 14:12:49|   0.6|  0.0|INFORM|Translation was SUCCESSFUL with 1 warning(s) (0 feature(s) output)
2018-11-13 14:12:49|   0.6|  0.0|INFORM|FME Session Duration: 1 minute 2.4 seconds. (CPU: 0.1s user, 0.5s system)
2018-11-13 14:12:49|   0.6|  0.0|INFORM|END - ProcessID: 76908, peak process memory usage: 41840 kB, current process memory usage: 41256 kB
