2018-11-20 15:33:39|   0.1|  0.1|INFORM|FME 2019.0.0.0 Beta (20181018 - Build 19135 - WIN64)
2018-11-20 15:33:39|   0.1|  0.0|INFORM|FME_HOME is 'C:\Program Files\FME 2019.0\'
2018-11-20 15:33:39|   0.1|  0.0|INFORM|FME Desktop Smallworld Edition (floating)
2018-11-20 15:33:39|   0.1|  0.0|INFORM|Permanent License.
2018-11-20 15:33:39|   0.1|  0.0|INFORM|Machine host name is: BLASTER
2018-11-20 15:33:39|   0.1|  0.0|INFORM|START - ProcessID: 14984, peak process memory usage: 31268 kB, current process memory usage: 31104 kB
2018-11-20 15:33:39|   0.1|  0.0|INFORM|FME Configuration: Command line arguments are `C:\Program Files\FME 2019.0\fme.exe' `C:/Users/swalker/Documents/GitHub/Web Data Module/fme-desktop-web-data/fme\wb-xlate-1542756816379_19548' `LOG_STANDARDOUT' `YES' `LogCountServerName' `{7ddc4b1c-e6b2-4d97-979a-5af4563a1299}'
2018-11-20 15:33:39|   0.1|  0.0|INFORM|FME Configuration: Connection Storage: 'C:\Users\swalker\AppData\Roaming\Safe Software\FME\'
2018-11-20 15:33:39|   0.2|  0.1|INFORM|Shared folders for formats are : C:\Program Files\FME 2019.0\datasources;C:\Users\swalker\Documents\FME\Formats
2018-11-20 15:33:39|   0.2|  0.0|INFORM|Shared folders for transformers are : C:\Program Files\FME 2019.0\transformers;C:\Users\swalker\Documents\FME\Transformers;C:\Users\swalker\AppData\Roaming\Safe Software\FME\FME Store\Transformers
2018-11-20 15:33:39|   0.2|  0.0|INFORM|Shared folders for coordinate systems are : C:\Users\swalker\Documents\FME\CoordinateSystems
2018-11-20 15:33:39|   0.2|  0.0|INFORM|Shared folders for coordinate system exceptions are : C:\Users\swalker\Documents\FME\CoordinateSystemExceptions
2018-11-20 15:33:39|   0.2|  0.0|INFORM|Shared folders for coordinate system grid overrides are : C:\Users\swalker\Documents\FME\CoordinateSystemGridOverrides
2018-11-20 15:33:39|   0.2|  0.0|INFORM|Shared folders for CS-MAP transformation exceptions are : C:\Users\swalker\Documents\FME\CsmapTransformationExceptions
2018-11-20 15:33:39|   0.2|  0.0|INFORM|Shared folders for transformer categories are : C:\Users\swalker\Documents\FME\TransformerCategories
2018-11-20 15:33:39|   0.2|  0.0|INFORM|FME Configuration: Reader Keyword is `MULTI_READER'
2018-11-20 15:33:39|   0.2|  0.0|INFORM|FME Configuration: Writer Keyword is `MULTI_WRITER'
2018-11-20 15:33:39|   0.2|  0.0|INFORM|FME Configuration: Writer Group Definition Keyword is `MULTI_WRITER_DEF'
2018-11-20 15:33:39|   0.2|  0.0|INFORM|FME Configuration: Reader type is `MULTI_READER'
2018-11-20 15:33:39|   0.2|  0.0|INFORM|FME Configuration: Writer type is `MULTI_WRITER'
2018-11-20 15:33:39|   0.2|  0.0|INFORM|FME Configuration: No destination coordinate system set
2018-11-20 15:33:39|   0.2|  0.0|INFORM|FME Configuration: Current working folder is `C:\Users\swalker\Documents\GitHub\Web Data Module\fme-desktop-web-data\fme'
2018-11-20 15:33:39|   0.2|  0.0|INFORM|FME Configuration: Temporary folder is `C:\Users\swalker\AppData\Local\Temp', set from environment variable `TEMP'
2018-11-20 15:33:39|   0.2|  0.0|INFORM|FME Configuration: FME_HOME is `C:\Program Files\FME 2019.0\'
2018-11-20 15:33:39|   0.2|  0.0|INFORM|FME Configuration: FME_BASE is 'no'
2018-11-20 15:33:39|   0.2|  0.0|INFORM|FME Configuration: FME_MF_DIR is 'C:\Users\swalker\Documents\GitHub\Web Data Module\fme-desktop-web-data\fme/'
2018-11-20 15:33:39|   0.2|  0.0|INFORM|FME Configuration: FME_MF_NAME is 'TweetStreamer.fmw'
2018-11-20 15:33:39|   0.2|  0.0|INFORM|FME Configuration: FME_PRODUCT_NAME is 'FME(R) 2019.0.0.0'
2018-11-20 15:33:39|   0.2|  0.0|INFORM|System Status: 655.31 GB of disk space available in the FME temporary folder (C:\Users\swalker\AppData\Local\Temp)
2018-11-20 15:33:39|   0.2|  0.0|INFORM|System Status: 128.00 TB of virtual memory available
2018-11-20 15:33:39|   0.2|  0.0|INFORM|Operating System: Microsoft Windows 10 64-bit  (Build 17134)
2018-11-20 15:33:39|   0.2|  0.0|INFORM|FME Platform: WIN64
2018-11-20 15:33:39|   0.2|  0.0|INFORM|Locale: en_US
2018-11-20 15:33:39|   0.2|  0.0|INFORM|Code Page: 1252  (ANSI - Latin I)
2018-11-20 15:33:39|   0.2|  0.0|INFORM|FME Configuration: Process limit is 31.76 GB of physical memory
2018-11-20 15:33:39|   0.2|  0.0|INFORM|FME Configuration: Start freeing memory when process usage exceeds 95.27 GB of virtual memory
2018-11-20 15:33:39|   0.2|  0.0|INFORM|FME Configuration: Stop freeing memory when process usage is below 71.46 GB of virtual memory
2018-11-20 15:33:39|   0.3|  0.1|INFORM|Creating writer for format: 
2018-11-20 15:33:39|   0.3|  0.0|INFORM|Creating reader for format: 
2018-11-20 15:33:39|   0.3|  0.0|INFORM|MULTI_READER(MULTI_READER): Will fail with first member reader failure
2018-11-20 15:33:39|   0.3|  0.0|INFORM|Using Multi Reader with keyword `MULTI_READER' to read multiple datasets
2018-11-20 15:33:39|   0.3|  0.0|INFORM|Using MultiWriter with keyword `MULTI_WRITER' to output data (ID_ATTRIBUTE is `multi_writer_id')
2018-11-20 15:33:39|   0.3|  0.0|INFORM|Writer output will be ordered by value of multi_writer_id
2018-11-20 15:33:39|   0.3|  0.0|INFORM|Loaded module 'Geometry_func' from file 'C:\Program Files\FME 2019.0\plugins/Geometry_func.dll'
2018-11-20 15:33:39|   0.3|  0.0|INFORM|FME API version of module 'Geometry_func' matches current internal version (3.8 20180604)
2018-11-20 15:33:39|   0.3|  0.0|INFORM|Loaded module 'LogCount_func' from file 'C:\Program Files\FME 2019.0\plugins/LogCount_func.dll'
2018-11-20 15:33:39|   0.3|  0.0|INFORM|FME API version of module 'LogCount_func' matches current internal version (3.8 20180604)
2018-11-20 15:33:39|   0.3|  0.0|INFORM|Loaded module 'TwitterFactory' from file 'C:\Program Files\FME 2019.0\plugins/TwitterFactory.dll'
2018-11-20 15:33:39|   0.3|  0.0|INFORM|FME API version of module 'TwitterFactory' matches current internal version (3.8 20180604)
2018-11-20 15:33:39|   0.3|  0.0|INFORM|Loaded module 'JSONQueryFactory' from file 'C:\Program Files\FME 2019.0\plugins/JSONQueryFactory.dll'
2018-11-20 15:33:39|   0.3|  0.0|INFORM|FME API version of module 'JSONQueryFactory' matches current internal version (3.8 20180604)
2018-11-20 15:33:39|   0.3|  0.0|INFORM|Loaded module 'JSONGeometry_func' from file 'C:\Program Files\FME 2019.0\plugins/JSONGeometry_func.dll'
2018-11-20 15:33:39|   0.3|  0.0|INFORM|FME API version of module 'JSONGeometry_func' matches current internal version (3.8 20180604)
2018-11-20 15:33:39|   0.3|  0.0|INFORM|Loaded module 'TextEncoderFactory' from file 'C:\Program Files\FME 2019.0\plugins/TextEncoderFactory.dll'
2018-11-20 15:33:39|   0.3|  0.0|INFORM|FME API version of module 'TextEncoderFactory' matches current internal version (3.8 20180604)
2018-11-20 15:33:39|   0.3|  0.0|INFORM|FME API version of module 'JSONQueryFactory' matches current internal version (3.8 20180604)
2018-11-20 15:33:39|   0.3|  0.0|INFORM|Emptying factory pipeline
2018-11-20 15:33:39|   0.4|  0.0|STATS |Storing feature(s) to FME feature store file `C:\Users\swalker\AppData\Local\Temp\wb-cache-TweetStreamer-PcYOyP\Main_Creator -1 8 fo 0 CREATED  0  a65c031331bba8b7ed980fe8d69769b6eccd0406.ffsupdating'
2018-11-20 15:33:40|   0.7|  0.3|INFORM|FME Configuration: Using FME Reprojection Engine
2018-11-20 15:33:40|   0.7|  0.0|STATS |Creator_XML_Creator(CreationFactory): Created 1 features
2018-11-20 15:33:40|   0.7|  0.0|STATS |Creator_Cloner(TeeFactory): Cloned 1 input feature(s) into 1 output feature(s)
2018-11-20 15:33:40|   0.7|  0.0|STATS |Creator_CREATED Feature Counter -1 13(TeeFactory): Cloned 1 input feature(s) into 1 output feature(s)
2018-11-20 15:33:40|   0.7|  0.0|STATS |Creator_CREATED Brancher -1 13(BranchingFactory): Branched 1 input feature -- 1 feature routed to the target factory, and 0 features routed to the fallback factory.
2018-11-20 15:33:40|   0.7|  0.0|STATS |_CREATOR_BRANCH_TARGET(TeeFactory): Cloned 1 input feature(s) into 1 output feature(s)
2018-11-20 15:33:40|   0.7|  0.0|INFORM|Attempting connection to https://stream.twitter.com/1.1/statuses/filter.json
2018-11-20 15:33:40|   0.7|  0.0|INFORM|Connected to https://stream.twitter.com/1.1/statuses/filter.json
2018-11-20 15:33:40|   0.8|  0.1|STATS |Storing feature(s) to FME feature store file `C:\Users\swalker\AppData\Local\Temp\wb-cache-TweetStreamer-PcYOyP\Main_TweetStreamer -1 20 fo 0 TWEETS  0  a2414fe7bbedeb2f028211ad19298f76a3d00d6f.ffsupdating'
2018-11-20 15:33:40|   0.9|  0.0|STATS |Storing feature(s) to FME feature store file `C:\Users\swalker\AppData\Local\Temp\wb-cache-TweetStreamer-PcYOyP\Main_JSONFlattener -1 3 fo 0 OUTPUT  0  34d5983f6747804dda53cc791b7faf2dbc2331e3.ffsupdating'
2018-11-20 15:33:40|   0.9|  0.0|STATS |Storing feature(s) to FME feature store file `C:\Users\swalker\AppData\Local\Temp\wb-cache-TweetStreamer-PcYOyP\Main_Tester -1 22 fo 0 PASSED  0  c804157b0818b622e890831d896a725d2e5391ff.ffsupdating'
2018-11-20 15:33:41|   1.1|  0.2|INFORM|Creating writer for format: CSV (Comma Separated Value)
2018-11-20 15:33:41|   1.2|  0.1|INFORM|Trying to find a DYNAMIC plugin for writer named `CSV2'
2018-11-20 15:33:41|   1.2|  0.0|INFORM|Loaded module 'CSV2' from file 'C:\Program Files\FME 2019.0\plugins/CSV2.dll'
2018-11-20 15:33:41|   1.2|  0.0|INFORM|FME API version of module 'CSV2' matches current internal version (3.8 20180604)
2018-11-20 15:33:41|   1.2|  0.0|INFORM|FME Configuration: Destination coordinate system set to `LL84'
2018-11-20 15:33:41|   1.2|  0.0|INFORM|Coordinate System `LL84' parameters: CS_NAME=`LL84' DESC_NM=`WGS84 datum, Latitude-Longitude; Degrees' DT_NAME=`WGS84' GROUP=`LL' MAP_SCL=`1' MAX_LAT=`90' MAX_LNG=`182' MIN_LAT=`-90' MIN_LNG=`-182' PROJ=`LL' QUAD=`1' SCL_RED=`1' SOURCE=`Mentor Software' UNIT=`DEGREE' 
2018-11-20 15:33:41|   1.2|  0.0|INFORM|FME API version of module 'CSV2' matches current internal version (3.8 20180604)
2018-11-20 15:33:41|   1.2|  0.0|INFORM|Writer `CSV2_1' of type `CSV2' using group definition keyword `CSV2_1_DEF'
2018-11-20 15:33:41|   1.2|  0.0|INFORM|FME API version of module 'CSV2' matches current internal version (3.8 20180604)
2018-11-20 15:33:41|   1.2|  0.0|INFORM|CSV writer: Directive '_EXTENSION' has the value 'csv'
2018-11-20 15:33:41|   1.2|  0.0|INFORM|CSV writer: Directive '_DELIMITER' has the value ','
2018-11-20 15:33:41|   1.2|  0.0|INFORM|CSV writer: Directive '_ENCODING' has the value 'UTF-8'
2018-11-20 15:33:41|   1.2|  0.0|INFORM|CSV writer: Directive '_WRITE_BOM_FOR_UNICODE' has the value 'Yes'
2018-11-20 15:33:41|   1.2|  0.0|INFORM|CSV writer: Directive '_QUALIFY_FIELD_NAMES' has the value 'if_needed'
2018-11-20 15:33:41|   1.2|  0.0|INFORM|CSV writer: Directive '_QUALIFY_FIELD_VALUES' has the value 'if_needed'
2018-11-20 15:33:41|   1.2|  0.0|INFORM|CSV writer: Directive '_FIELD_QUALIFIER_CHARACTER' has the value '"'
2018-11-20 15:33:41|   1.2|  0.0|INFORM|CSV writer: Directive '_FIELD_QUALIFIER_ESCAPE_CHARACTER' has the value '"'
2018-11-20 15:33:41|   1.2|  0.0|INFORM|CSV writer: Directive '_ROW_TERMINATION' has the value 'System'
2018-11-20 15:33:41|   1.2|  0.0|INFORM|CSV writer: Directive '_WRITE_SCHEMA_FILE' has the value 'NO'
2018-11-20 15:33:41|   1.2|  0.0|INFORM|CSV writer: Opening dataset 'C:\Users\swalker\Documents\GitHub\Web Data Module\fme-desktop-web-data\www\tweets.csv'
2018-11-20 15:33:41|   1.2|  0.0|STATS |Storing feature(s) to FME feature store file `C:\Users\swalker\AppData\Local\Temp\wb-cache-TweetStreamer-PcYOyP\Main_Tester -1 22 fo 1 FAILED  0  86773f63d2dd4795fd5d8e3af67d65f654dc66e9.ffsupdating'
2018-11-20 15:34:05|   3.7|  2.5|STATS |Storing feature(s) to FME feature store file `C:\Users\swalker\AppData\Local\Temp\wb-cache-TweetStreamer-PcYOyP\Main_TweetStreamer -1 20 fo 1 OTHER  0  595e679893e950c32b36431f9fe3a111b9de1596.ffsupdating'
2018-11-20 15:37:08|  16.7| 13.0|ERROR |CSV writer: Failed to write to file 'writer'.  Please ensure that you have sufficient privileges to write this file, and that sufficient disk space is available
2018-11-20 15:37:08|  16.7|  0.0|ERROR |A fatal error has occurred. Check the logfile above for details
2018-11-20 15:37:08|  16.7|  0.0|ERROR |... Last line repeated 2 times ...
2018-11-20 15:37:08|  16.7|  0.0|ERROR |
2018-11-20 15:37:08|  16.7|  0.0|ERROR |A fatal error has occurred. Check the logfile above for details
2018-11-20 15:37:08|  16.7|  0.0|ERROR |
2018-11-20 15:37:08|  16.7|  0.0|ERROR |A fatal error has occurred. Check the logfile above for details
2018-11-20 15:37:08|  16.7|  0.0|ERROR |
2018-11-20 15:37:08|  16.7|  0.0|ERROR |A fatal error has occurred. Check the logfile above for details
2018-11-20 15:37:08|  16.7|  0.0|ERROR |HTTP/FTP transfer error: 'Failed writing received data to disk/application'
2018-11-20 15:37:08|  16.7|  0.0|ERROR |Please ensure that your network connection is properly set up
2018-11-20 15:37:08|  16.7|  0.0|ERROR |No proxy settings have been entered.  If you require a proxy to access external URLs, please ensure the appropriate information has been entered
2018-11-20 15:37:08|  16.7|  0.0|ERROR |
2018-11-20 15:37:08|  16.7|  0.0|ERROR |TweetStreamer_Tweeter(TwitterFactory): A fatal error has occurred. Check the logfile above for details
2018-11-20 15:37:08|  16.7|  0.0|STATS |Stored 14 feature(s) to FME feature store file `C:\Users\swalker\AppData\Local\Temp\wb-cache-TweetStreamer-PcYOyP\Main_TweetStreamer -1 20 fo 1 OTHER  0  595e679893e950c32b36431f9fe3a111b9de1596.ffsupdating'
2018-11-20 15:37:08|  16.7|  0.0|INFORM|Saving spatial index into file 'C:\Users\swalker\AppData\Local\Temp\wb-cache-TweetStreamer-PcYOyP\Main_TweetStreamer -1 20 fo 1 OTHER  0  595e679893e950c32b36431f9fe3a111b9de1596.fsi'
2018-11-20 15:37:08|  16.7|  0.0|INFORM|Finished saving spatial index into file 'C:\Users\swalker\AppData\Local\Temp\wb-cache-TweetStreamer-PcYOyP\Main_TweetStreamer -1 20 fo 1 OTHER  0  595e679893e950c32b36431f9fe3a111b9de1596.fsi'
2018-11-20 15:37:08|  16.7|  0.0|STATS |Stored 1 feature(s) to FME feature store file `C:\Users\swalker\AppData\Local\Temp\wb-cache-TweetStreamer-PcYOyP\Main_Creator -1 8 fo 0 CREATED  0  a65c031331bba8b7ed980fe8d69769b6eccd0406.ffsupdating'
2018-11-20 15:37:08|  16.7|  0.0|INFORM|Saving spatial index into file 'C:\Users\swalker\AppData\Local\Temp\wb-cache-TweetStreamer-PcYOyP\Main_Creator -1 8 fo 0 CREATED  0  a65c031331bba8b7ed980fe8d69769b6eccd0406.fsi'
2018-11-20 15:37:08|  16.7|  0.0|INFORM|Finished saving spatial index into file 'C:\Users\swalker\AppData\Local\Temp\wb-cache-TweetStreamer-PcYOyP\Main_Creator -1 8 fo 0 CREATED  0  a65c031331bba8b7ed980fe8d69769b6eccd0406.fsi'
2018-11-20 15:37:08|  16.7|  0.0|STATS |Stored 4901 feature(s) to FME feature store file `C:\Users\swalker\AppData\Local\Temp\wb-cache-TweetStreamer-PcYOyP\Main_TweetStreamer -1 20 fo 0 TWEETS  0  a2414fe7bbedeb2f028211ad19298f76a3d00d6f.ffsupdating'
2018-11-20 15:37:08|  16.7|  0.0|INFORM|Saving spatial index into file 'C:\Users\swalker\AppData\Local\Temp\wb-cache-TweetStreamer-PcYOyP\Main_TweetStreamer -1 20 fo 0 TWEETS  0  a2414fe7bbedeb2f028211ad19298f76a3d00d6f.fsi'
2018-11-20 15:37:08|  16.7|  0.0|INFORM|Finished saving spatial index into file 'C:\Users\swalker\AppData\Local\Temp\wb-cache-TweetStreamer-PcYOyP\Main_TweetStreamer -1 20 fo 0 TWEETS  0  a2414fe7bbedeb2f028211ad19298f76a3d00d6f.fsi'
2018-11-20 15:37:08|  16.8|  0.1|STATS |Stored 4901 feature(s) to FME feature store file `C:\Users\swalker\AppData\Local\Temp\wb-cache-TweetStreamer-PcYOyP\Main_JSONFlattener -1 3 fo 0 OUTPUT  0  34d5983f6747804dda53cc791b7faf2dbc2331e3.ffsupdating'
2018-11-20 15:37:08|  16.8|  0.0|INFORM|Saving spatial index into file 'C:\Users\swalker\AppData\Local\Temp\wb-cache-TweetStreamer-PcYOyP\Main_JSONFlattener -1 3 fo 0 OUTPUT  0  34d5983f6747804dda53cc791b7faf2dbc2331e3.fsi'
2018-11-20 15:37:08|  16.8|  0.0|INFORM|Finished saving spatial index into file 'C:\Users\swalker\AppData\Local\Temp\wb-cache-TweetStreamer-PcYOyP\Main_JSONFlattener -1 3 fo 0 OUTPUT  0  34d5983f6747804dda53cc791b7faf2dbc2331e3.fsi'
2018-11-20 15:37:09|  16.9|  0.1|STATS |Stored 4230 feature(s) to FME feature store file `C:\Users\swalker\AppData\Local\Temp\wb-cache-TweetStreamer-PcYOyP\Main_Tester -1 22 fo 0 PASSED  0  c804157b0818b622e890831d896a725d2e5391ff.ffsupdating'
2018-11-20 15:37:09|  16.9|  0.0|INFORM|Saving spatial index into file 'C:\Users\swalker\AppData\Local\Temp\wb-cache-TweetStreamer-PcYOyP\Main_Tester -1 22 fo 0 PASSED  0  c804157b0818b622e890831d896a725d2e5391ff.fsi'
2018-11-20 15:37:09|  16.9|  0.0|INFORM|Finished saving spatial index into file 'C:\Users\swalker\AppData\Local\Temp\wb-cache-TweetStreamer-PcYOyP\Main_Tester -1 22 fo 0 PASSED  0  c804157b0818b622e890831d896a725d2e5391ff.fsi'
2018-11-20 15:37:09|  17.0|  0.0|STATS |Stored 671 feature(s) to FME feature store file `C:\Users\swalker\AppData\Local\Temp\wb-cache-TweetStreamer-PcYOyP\Main_Tester -1 22 fo 1 FAILED  0  86773f63d2dd4795fd5d8e3af67d65f654dc66e9.ffsupdating'
2018-11-20 15:37:09|  17.0|  0.0|INFORM|Saving spatial index into file 'C:\Users\swalker\AppData\Local\Temp\wb-cache-TweetStreamer-PcYOyP\Main_Tester -1 22 fo 1 FAILED  0  86773f63d2dd4795fd5d8e3af67d65f654dc66e9.fsi'
2018-11-20 15:37:09|  17.0|  0.0|INFORM|Finished saving spatial index into file 'C:\Users\swalker\AppData\Local\Temp\wb-cache-TweetStreamer-PcYOyP\Main_Tester -1 22 fo 1 FAILED  0  86773f63d2dd4795fd5d8e3af67d65f654dc66e9.fsi'
2018-11-20 15:37:09|  17.0|  0.0|INFORM|=-=-=-=-=-=-=-=-=-=-=-=-=-=-=-=-=-=-=-=-=-=-=-=-=-=-=-=-=-=-=-=-=-=-=-=-=-=-=-
2018-11-20 15:37:09|  17.0|  0.0|INFORM|Feature output statistics for `CSV2' writer using keyword `CSV2_1':
2018-11-20 15:37:09|  17.0|  0.0|STATS |=-=-=-=-=-=-=-=-=-=-=-=-=-=-=-=-=-=-=-=-=-=-=-=-=-=-=-=-=-=-=-=-=-=-=-=-=-=-=-
2018-11-20 15:37:09|  17.0|  0.0|STATS |                               Features Written
2018-11-20 15:37:09|  17.0|  0.0|STATS |=-=-=-=-=-=-=-=-=-=-=-=-=-=-=-=-=-=-=-=-=-=-=-=-=-=-=-=-=-=-=-=-=-=-=-=-=-=-=-
2018-11-20 15:37:09|  17.0|  0.0|STATS |tweets                                                                    4230
2018-11-20 15:37:09|  17.0|  0.0|STATS |==============================================================================
2018-11-20 15:37:09|  17.0|  0.0|STATS |Total Features Written                                                    4230
2018-11-20 15:37:09|  17.0|  0.0|STATS |=-=-=-=-=-=-=-=-=-=-=-=-=-=-=-=-=-=-=-=-=-=-=-=-=-=-=-=-=-=-=-=-=-=-=-=-=-=-=-
2018-11-20 15:37:09|  17.0|  0.0|ERROR |A fatal error has occurred. Check the logfile above for details
2018-11-20 15:37:09|  17.0|  0.0|INFORM|Translation FAILED with 15 error(s) and 0 warning(s) (4230 feature(s) output)
2018-11-20 15:37:09|  17.0|  0.0|INFORM|FME Session Duration: 3 minutes 29.5 seconds. (CPU: 14.4s user, 2.5s system)
2018-11-20 15:37:09|  17.0|  0.0|INFORM|END - ProcessID: 14984, peak process memory usage: 99748 kB, current process memory usage: 95704 kB
